{"uuid":"15806037-9c64-42bd-89cf-eaf5553cc656","historyId":"b7194e762f7637654567b7fdec5d941","fullName":"sanity.GrafanaWeb.test07_verifySearchUsers","labels":[{"name":"package","value":"sanity.GrafanaWeb"},{"name":"testClass","value":"sanity.GrafanaWeb"},{"name":"testMethod","value":"test07_verifySearchUsers"},{"name":"parentSuite","value":"Default Suite"},{"name":"suite","value":"GlobalProject_Selenium"},{"name":"subSuite","value":"sanity.GrafanaWeb"},{"name":"host","value":"DESKTOP-N6691TL"},{"name":"thread","value":"13672@DESKTOP-N6691TL.main(1)"},{"name":"framework","value":"testng"},{"name":"language","value":"java"}],"links":[],"name":"Test 07: Search Users","status":"failed","statusDetails":{"known":false,"muted":false,"flaky":false,"message":"","trace":"java.lang.AssertionError: \r\n\tat org.testng.AssertJUnit.fail(AssertJUnit.java:47)\r\n\tat org.testng.AssertJUnit.assertTrue(AssertJUnit.java:20)\r\n\tat org.testng.AssertJUnit.assertTrue(AssertJUnit.java:26)\r\n\tat extensions.Verifications.existenceOfElement(Verifications.java:49)\r\n\tat workflows.WebFlows.searchAndVerifyUser(WebFlows.java:41)\r\n\tat sanity.GrafanaWeb.test07_verifySearchUsers(GrafanaWeb.java:58)\r\n\tat sun.reflect.NativeMethodAccessorImpl.invoke0(Native Method)\r\n\tat sun.reflect.NativeMethodAccessorImpl.invoke(NativeMethodAccessorImpl.java:62)\r\n\tat sun.reflect.DelegatingMethodAccessorImpl.invoke(DelegatingMethodAccessorImpl.java:43)\r\n\tat java.lang.reflect.Method.invoke(Method.java:498)\r\n\tat org.testng.internal.MethodInvocationHelper.invokeMethod(MethodInvocationHelper.java:133)\r\n\tat org.testng.internal.TestInvoker.invokeMethod(TestInvoker.java:584)\r\n\tat org.testng.internal.TestInvoker.invokeTestMethod(TestInvoker.java:172)\r\n\tat org.testng.internal.MethodRunner.runInSequence(MethodRunner.java:46)\r\n\tat org.testng.internal.TestInvoker$MethodInvocationAgent.invoke(TestInvoker.java:804)\r\n\tat org.testng.internal.TestInvoker.invokeTestMethods(TestInvoker.java:145)\r\n\tat org.testng.internal.TestMethodWorker.invokeTestMethods(TestMethodWorker.java:146)\r\n\tat org.testng.internal.TestMethodWorker.run(TestMethodWorker.java:128)\r\n\tat java.util.ArrayList.forEach(ArrayList.java:1257)\r\n\tat org.testng.TestRunner.privateRun(TestRunner.java:770)\r\n\tat org.testng.TestRunner.run(TestRunner.java:591)\r\n\tat org.testng.SuiteRunner.runTest(SuiteRunner.java:402)\r\n\tat org.testng.SuiteRunner.runSequentially(SuiteRunner.java:396)\r\n\tat org.testng.SuiteRunner.privateRun(SuiteRunner.java:355)\r\n\tat org.testng.SuiteRunner.run(SuiteRunner.java:304)\r\n\tat org.testng.SuiteRunnerWorker.runSuite(SuiteRunnerWorker.java:53)\r\n\tat org.testng.SuiteRunnerWorker.run(SuiteRunnerWorker.java:96)\r\n\tat org.testng.TestNG.runSuitesSequentially(TestNG.java:1180)\r\n\tat org.testng.TestNG.runSuitesLocally(TestNG.java:1102)\r\n\tat org.testng.TestNG.runSuites(TestNG.java:1032)\r\n\tat org.testng.TestNG.run(TestNG.java:1000)\r\n\tat com.intellij.rt.testng.IDEARemoteTestNG.run(IDEARemoteTestNG.java:66)\r\n\tat com.intellij.rt.testng.RemoteTestNGStarter.main(RemoteTestNGStarter.java:109)\r\n"},"stage":"finished","description":"Search Users in a Table using DDT","steps":[{"name":"Moving mouse to the element","status":"passed","stage":"finished","steps":[],"attachments":[],"parameters":[{"name":"elem1","value":"[[ChromeDriver: chrome on WINDOWS (cefaf74a308425f6258a687c2408bfe2)] -> xpath: //ul[@class='css-kmtjxr']/li[7]]"},{"name":"elem2","value":"[[ChromeDriver: chrome on WINDOWS (cefaf74a308425f6258a687c2408bfe2)] -> xpath: //a[@href='/admin/users']]"}],"start":1667403829960,"stop":1667403830307},{"name":"Search and Verify User","status":"failed","statusDetails":{"known":false,"muted":false,"flaky":false,"message":"","trace":"java.lang.AssertionError: \r\n\tat org.testng.AssertJUnit.fail(AssertJUnit.java:47)\r\n\tat org.testng.AssertJUnit.assertTrue(AssertJUnit.java:20)\r\n\tat org.testng.AssertJUnit.assertTrue(AssertJUnit.java:26)\r\n\tat extensions.Verifications.existenceOfElement(Verifications.java:49)\r\n\tat workflows.WebFlows.searchAndVerifyUser(WebFlows.java:41)\r\n\tat sanity.GrafanaWeb.test07_verifySearchUsers(GrafanaWeb.java:58)\r\n\tat sun.reflect.NativeMethodAccessorImpl.invoke0(Native Method)\r\n\tat sun.reflect.NativeMethodAccessorImpl.invoke(NativeMethodAccessorImpl.java:62)\r\n\tat sun.reflect.DelegatingMethodAccessorImpl.invoke(DelegatingMethodAccessorImpl.java:43)\r\n\tat java.lang.reflect.Method.invoke(Method.java:498)\r\n\tat org.testng.internal.MethodInvocationHelper.invokeMethod(MethodInvocationHelper.java:133)\r\n\tat org.testng.internal.TestInvoker.invokeMethod(TestInvoker.java:584)\r\n\tat org.testng.internal.TestInvoker.invokeTestMethod(TestInvoker.java:172)\r\n\tat org.testng.internal.MethodRunner.runInSequence(MethodRunner.java:46)\r\n\tat org.testng.internal.TestInvoker$MethodInvocationAgent.invoke(TestInvoker.java:804)\r\n\tat org.testng.internal.TestInvoker.invokeTestMethods(TestInvoker.java:145)\r\n\tat org.testng.internal.TestMethodWorker.invokeTestMethods(TestMethodWorker.java:146)\r\n\tat org.testng.internal.TestMethodWorker.run(TestMethodWorker.java:128)\r\n\tat java.util.ArrayList.forEach(ArrayList.java:1257)\r\n\tat org.testng.TestRunner.privateRun(TestRunner.java:770)\r\n\tat org.testng.TestRunner.run(TestRunner.java:591)\r\n\tat org.testng.SuiteRunner.runTest(SuiteRunner.java:402)\r\n\tat org.testng.SuiteRunner.runSequentially(SuiteRunner.java:396)\r\n\tat org.testng.SuiteRunner.privateRun(SuiteRunner.java:355)\r\n\tat org.testng.SuiteRunner.run(SuiteRunner.java:304)\r\n\tat org.testng.SuiteRunnerWorker.runSuite(SuiteRunnerWorker.java:53)\r\n\tat org.testng.SuiteRunnerWorker.run(SuiteRunnerWorker.java:96)\r\n\tat org.testng.TestNG.runSuitesSequentially(TestNG.java:1180)\r\n\tat org.testng.TestNG.runSuitesLocally(TestNG.java:1102)\r\n\tat org.testng.TestNG.runSuites(TestNG.java:1032)\r\n\tat org.testng.TestNG.run(TestNG.java:1000)\r\n\tat com.intellij.rt.testng.IDEARemoteTestNG.run(IDEARemoteTestNG.java:66)\r\n\tat com.intellij.rt.testng.RemoteTestNGStarter.main(RemoteTestNGStarter.java:109)\r\n"},"stage":"finished","steps":[{"name":"Updating text as human","status":"passed","stage":"finished","steps":[],"attachments":[],"parameters":[{"name":"elem","value":"[[ChromeDriver: chrome on WINDOWS (cefaf74a308425f6258a687c2408bfe2)] -> class name: css-1wdli31-input-input]"},{"name":"text","value":"Moshe"}],"start":1667403830317,"stop":1667403833162},{"name":"Existence of Element","status":"failed","statusDetails":{"known":false,"muted":false,"flaky":false,"message":"","trace":"java.lang.AssertionError: \r\n\tat org.testng.AssertJUnit.fail(AssertJUnit.java:47)\r\n\tat org.testng.AssertJUnit.assertTrue(AssertJUnit.java:20)\r\n\tat org.testng.AssertJUnit.assertTrue(AssertJUnit.java:26)\r\n\tat extensions.Verifications.existenceOfElement(Verifications.java:49)\r\n\tat workflows.WebFlows.searchAndVerifyUser(WebFlows.java:41)\r\n\tat sanity.GrafanaWeb.test07_verifySearchUsers(GrafanaWeb.java:58)\r\n\tat sun.reflect.NativeMethodAccessorImpl.invoke0(Native Method)\r\n\tat sun.reflect.NativeMethodAccessorImpl.invoke(NativeMethodAccessorImpl.java:62)\r\n\tat sun.reflect.DelegatingMethodAccessorImpl.invoke(DelegatingMethodAccessorImpl.java:43)\r\n\tat java.lang.reflect.Method.invoke(Method.java:498)\r\n\tat org.testng.internal.MethodInvocationHelper.invokeMethod(MethodInvocationHelper.java:133)\r\n\tat org.testng.internal.TestInvoker.invokeMethod(TestInvoker.java:584)\r\n\tat org.testng.internal.TestInvoker.invokeTestMethod(TestInvoker.java:172)\r\n\tat org.testng.internal.MethodRunner.runInSequence(MethodRunner.java:46)\r\n\tat org.testng.internal.TestInvoker$MethodInvocationAgent.invoke(TestInvoker.java:804)\r\n\tat org.testng.internal.TestInvoker.invokeTestMethods(TestInvoker.java:145)\r\n\tat org.testng.internal.TestMethodWorker.invokeTestMethods(TestMethodWorker.java:146)\r\n\tat org.testng.internal.TestMethodWorker.run(TestMethodWorker.java:128)\r\n\tat java.util.ArrayList.forEach(ArrayList.java:1257)\r\n\tat org.testng.TestRunner.privateRun(TestRunner.java:770)\r\n\tat org.testng.TestRunner.run(TestRunner.java:591)\r\n\tat org.testng.SuiteRunner.runTest(SuiteRunner.java:402)\r\n\tat org.testng.SuiteRunner.runSequentially(SuiteRunner.java:396)\r\n\tat org.testng.SuiteRunner.privateRun(SuiteRunner.java:355)\r\n\tat org.testng.SuiteRunner.run(SuiteRunner.java:304)\r\n\tat org.testng.SuiteRunnerWorker.runSuite(SuiteRunnerWorker.java:53)\r\n\tat org.testng.SuiteRunnerWorker.run(SuiteRunnerWorker.java:96)\r\n\tat org.testng.TestNG.runSuitesSequentially(TestNG.java:1180)\r\n\tat org.testng.TestNG.runSuitesLocally(TestNG.java:1102)\r\n\tat org.testng.TestNG.runSuites(TestNG.java:1032)\r\n\tat org.testng.TestNG.run(TestNG.java:1000)\r\n\tat com.intellij.rt.testng.IDEARemoteTestNG.run(IDEARemoteTestNG.java:66)\r\n\tat com.intellij.rt.testng.RemoteTestNGStarter.main(RemoteTestNGStarter.java:109)\r\n"},"stage":"finished","steps":[],"attachments":[],"parameters":[{"name":"elements","value":"[]"}],"start":1667403838216,"stop":1667403843253}],"attachments":[],"parameters":[{"name":"user","value":"Moshe"},{"name":"shouldExists","value":"exist"}],"start":1667403830307,"stop":1667403843253}],"attachments":[{"name":"Page Screen-Shot","source":"116437fc-3088-435f-a6b6-f0229cbc906a-attachment","type":"image/png"}],"parameters":[{"name":"arg1","value":"exist"},{"name":"arg0","value":"Moshe"}],"start":1667403829921,"stop":1667403843415}